# JRE version: Java(TM) SE Runtime Environment (17.0.9+11) (build 17.0.9+11-LTS-201)
# Java VM: Java HotSpot(TM) 64-Bit Server VM (17.0.9+11-LTS-201, mixed mode, sharing, tiered, compressed oops, compressed class ptrs, g1 gc, windows-amd64)
GC Precious Log:
 CPUs: 8 total, 8 available
 Memory: 7877M
 Large Page Support: Disabled
 NUMA Support: Disabled
 Compressed Oops: Enabled (32-bit)
 Heap Region Size: 1M
 Heap Min Capacity: 8M
 Heap Initial Capacity: 124M
 Heap Max Capacity: 1970M
 Pre-touch: Disabled
 Parallel Workers: 8
 Concurrent Workers: 2
 Concurrent Refinement Workers: 8
 Periodic GC: Disabled
Heap:
 garbage-first heap   total 91136K, used 51650K [0x0000000084e00000, 0x0000000100000000)
  region size 1024K, 8 young (8192K), 1 survivors (1024K)
 Metaspace       used 91015K, committed 91840K, reserved 1179648K
  class space    used 12081K, committed 12480K, reserved 1048576K
GC Heap History (20 events):
Event: 1020.374 GC heap before
{Heap before GC invocations=97 (full 0):
 garbage-first heap   total 91136K, used 79237K [0x0000000084e00000, 0x0000000100000000)
  region size 1024K, 34 young (34816K), 1 survivors (1024K)
 Metaspace       used 91010K, committed 91840K, reserved 1179648K
  class space    used 12080K, committed 12480K, reserved 1048576K
}
Event: 1020.378 GC heap after
{Heap after GC invocations=98 (full 0):
 garbage-first heap   total 91136K, used 45481K [0x0000000084e00000, 0x0000000100000000)
  region size 1024K, 1 young (1024K), 1 survivors (1024K)
 Metaspace       used 91010K, committed 91840K, reserved 1179648K
  class space    used 12080K, committed 12480K, reserved 1048576K
}
Event: 1022.663 GC heap before
{Heap before GC invocations=98 (full 0):
 garbage-first heap   total 91136K, used 78249K [0x0000000084e00000, 0x0000000100000000)
  region size 1024K, 34 young (34816K), 1 survivors (1024K)
 Metaspace       used 91010K, committed 91840K, reserved 1179648K
  class space    used 12080K, committed 12480K, reserved 1048576K
}
Event: 1022.665 GC heap after
{Heap after GC invocations=99 (full 0):
 garbage-first heap   total 91136K, used 45474K [0x0000000084e00000, 0x0000000100000000)
  region size 1024K, 1 young (1024K), 1 survivors (1024K)
 Metaspace       used 91010K, committed 91840K, reserved 1179648K
  class space    used 12080K, committed 12480K, reserved 1048576K
}
Event: 1026.872 GC heap before
{Heap before GC invocations=99 (full 0):
 garbage-first heap   total 91136K, used 79266K [0x0000000084e00000, 0x0000000100000000)
  region size 1024K, 34 young (34816K), 1 survivors (1024K)
 Metaspace       used 91011K, committed 91840K, reserved 1179648K
  class space    used 12080K, committed 12480K, reserved 1048576K
}
Event: 1026.874 GC heap after
{Heap after GC invocations=100 (full 0):
 garbage-first heap   total 91136K, used 45460K [0x0000000084e00000, 0x0000000100000000)
  region size 1024K, 1 young (1024K), 1 survivors (1024K)
 Metaspace       used 91011K, committed 91840K, reserved 1179648K
  class space    used 12080K, committed 12480K, reserved 1048576K
}
Event: 1029.106 GC heap before
{Heap before GC invocations=100 (full 0):
 garbage-first heap   total 91136K, used 78228K [0x0000000084e00000, 0x0000000100000000)
  region size 1024K, 34 young (34816K), 1 survivors (1024K)
 Metaspace       used 91013K, committed 91840K, reserved 1179648K
  class space    used 12080K, committed 12480K, reserved 1048576K
}
Event: 1029.108 GC heap after
{Heap after GC invocations=101 (full 0):
 garbage-first heap   total 91136K, used 45462K [0x0000000084e00000, 0x0000000100000000)
  region size 1024K, 1 young (1024K), 1 survivors (1024K)
 Metaspace       used 91013K, committed 91840K, reserved 1179648K
  class space    used 12080K, committed 12480K, reserved 1048576K
}
Event: 1031.678 GC heap before
{Heap before GC invocations=101 (full 0):
 garbage-first heap   total 91136K, used 78230K [0x0000000084e00000, 0x0000000100000000)
  region size 1024K, 34 young (34816K), 1 survivors (1024K)
 Metaspace       used 91013K, committed 91840K, reserved 1179648K
  class space    used 12080K, committed 12480K, reserved 1048576K
}
Event: 1031.679 GC heap after
{Heap after GC invocations=102 (full 0):
 garbage-first heap   total 91136K, used 45460K [0x0000000084e00000, 0x0000000100000000)
  region size 1024K, 1 young (1024K), 1 survivors (1024K)
 Metaspace       used 91013K, committed 91840K, reserved 1179648K
  class space    used 12080K, committed 12480K, reserved 1048576K
}
Event: 1034.467 GC heap before
{Heap before GC invocations=102 (full 0):
 garbage-first heap   total 91136K, used 78228K [0x0000000084e00000, 0x0000000100000000)
  region size 1024K, 34 young (34816K), 1 survivors (1024K)
 Metaspace       used 91013K, committed 91840K, reserved 1179648K
  class space    used 12080K, committed 12480K, reserved 1048576K
}
Event: 1034.470 GC heap after
{Heap after GC invocations=103 (full 0):
 garbage-first heap   total 91136K, used 45464K [0x0000000084e00000, 0x0000000100000000)
  region size 1024K, 1 young (1024K), 1 survivors (1024K)
 Metaspace       used 91013K, committed 91840K, reserved 1179648K
  class space    used 12080K, committed 12480K, reserved 1048576K
}
Event: 1037.368 GC heap before
{Heap before GC invocations=103 (full 0):
 garbage-first heap   total 91136K, used 78232K [0x0000000084e00000, 0x0000000100000000)
  region size 1024K, 34 young (34816K), 1 survivors (1024K)
 Metaspace       used 91013K, committed 91840K, reserved 1179648K
  class space    used 12080K, committed 12480K, reserved 1048576K
}
Event: 1037.370 GC heap after
{Heap after GC invocations=104 (full 0):
 garbage-first heap   total 91136K, used 45474K [0x0000000084e00000, 0x0000000100000000)
  region size 1024K, 1 young (1024K), 1 survivors (1024K)
 Metaspace       used 91013K, committed 91840K, reserved 1179648K
  class space    used 12080K, committed 12480K, reserved 1048576K
}
Event: 1039.814 GC heap before
{Heap before GC invocations=104 (full 0):
 garbage-first heap   total 91136K, used 78242K [0x0000000084e00000, 0x0000000100000000)
  region size 1024K, 34 young (34816K), 1 survivors (1024K)
 Metaspace       used 91013K, committed 91840K, reserved 1179648K
  class space    used 12080K, committed 12480K, reserved 1048576K
}
Event: 1039.816 GC heap after
{Heap after GC invocations=105 (full 0):
 garbage-first heap   total 91136K, used 45469K [0x0000000084e00000, 0x0000000100000000)
  region size 1024K, 1 young (1024K), 1 survivors (1024K)
 Metaspace       used 91013K, committed 91840K, reserved 1179648K
  class space    used 12080K, committed 12480K, reserved 1048576K
}
Event: 1042.370 GC heap before
{Heap before GC invocations=105 (full 0):
 garbage-first heap   total 91136K, used 79261K [0x0000000084e00000, 0x0000000100000000)
  region size 1024K, 34 young (34816K), 1 survivors (1024K)
 Metaspace       used 91015K, committed 91840K, reserved 1179648K
  class space    used 12081K, committed 12480K, reserved 1048576K
}
Event: 1042.373 GC heap after
{Heap after GC invocations=106 (full 0):
 garbage-first heap   total 91136K, used 45487K [0x0000000084e00000, 0x0000000100000000)
  region size 1024K, 1 young (1024K), 1 survivors (1024K)
 Metaspace       used 91015K, committed 91840K, reserved 1179648K
  class space    used 12081K, committed 12480K, reserved 1048576K
}
Event: 1044.191 GC heap before
{Heap before GC invocations=106 (full 0):
 garbage-first heap   total 91136K, used 78255K [0x0000000084e00000, 0x0000000100000000)
  region size 1024K, 34 young (34816K), 1 survivors (1024K)
 Metaspace       used 91015K, committed 91840K, reserved 1179648K
  class space    used 12081K, committed 12480K, reserved 1048576K
}
Event: 1044.194 GC heap after
{Heap after GC invocations=107 (full 0):
 garbage-first heap   total 91136K, used 45506K [0x0000000084e00000, 0x0000000100000000)
  region size 1024K, 1 young (1024K), 1 survivors (1024K)
 Metaspace       used 91015K, committed 91840K, reserved 1179648K
  class space    used 12081K, committed 12480K, reserved 1048576K
}

